<?xml version="1.0" encoding="UTF-8"?>
<testsuite xmlns:xsi="http://www.w3.org/2001/XMLSchema-instance" xsi:noNamespaceSchemaLocation="https://maven.apache.org/surefire/maven-surefire-plugin/xsd/surefire-test-report.xsd" name="com.uriegas.ReadExcelTest" time="1.401" tests="1" errors="0" skipped="0" failures="0">
  <properties>
    <property name="awt.toolkit" value="sun.awt.X11.XToolkit"/>
    <property name="java.specification.version" value="13"/>
    <property name="file.encoding.pkg" value="sun.io"/>
    <property name="jdk.extensions.version" value="13.0.2.0"/>
    <property name="sun.jnu.encoding" value="UTF-8"/>
    <property name="java.class.path" value="/run/media/uriegas/384f8cf3-55e7-459b-8b18-17bc09944115/home/uriegas/Documents/MyProjects/Programacion/LearningJava/unidad-2-actividad-2-los-chikoritas/target/test-classes:/run/media/uriegas/384f8cf3-55e7-459b-8b18-17bc09944115/home/uriegas/Documents/MyProjects/Programacion/LearningJava/unidad-2-actividad-2-los-chikoritas/target/classes:/home/uriegas/.m2/repository/junit/junit/4.12/junit-4.12.jar:/home/uriegas/.m2/repository/org/hamcrest/hamcrest-core/1.3/hamcrest-core-1.3.jar:/home/uriegas/.m2/repository/org/apache/poi/poi-ooxml/4.1.2/poi-ooxml-4.1.2.jar:/home/uriegas/.m2/repository/org/apache/poi/poi/4.1.2/poi-4.1.2.jar:/home/uriegas/.m2/repository/commons-codec/commons-codec/1.13/commons-codec-1.13.jar:/home/uriegas/.m2/repository/org/apache/commons/commons-collections4/4.4/commons-collections4-4.4.jar:/home/uriegas/.m2/repository/org/apache/commons/commons-math3/3.6.1/commons-math3-3.6.1.jar:/home/uriegas/.m2/repository/com/zaxxer/SparseBitSet/1.2/SparseBitSet-1.2.jar:/home/uriegas/.m2/repository/org/apache/poi/poi-ooxml-schemas/4.1.2/poi-ooxml-schemas-4.1.2.jar:/home/uriegas/.m2/repository/org/apache/xmlbeans/xmlbeans/3.1.0/xmlbeans-3.1.0.jar:/home/uriegas/.m2/repository/org/apache/commons/commons-compress/1.19/commons-compress-1.19.jar:/home/uriegas/.m2/repository/com/github/virtuald/curvesapi/1.06/curvesapi-1.06.jar:/home/uriegas/.m2/repository/org/openjfx/javafx-controls/11/javafx-controls-11.jar:/home/uriegas/.m2/repository/org/openjfx/javafx-controls/11/javafx-controls-11-linux.jar:/home/uriegas/.m2/repository/org/openjfx/javafx-graphics/11/javafx-graphics-11.jar:/home/uriegas/.m2/repository/org/openjfx/javafx-graphics/11/javafx-graphics-11-linux.jar:/home/uriegas/.m2/repository/org/openjfx/javafx-base/11/javafx-base-11.jar:/home/uriegas/.m2/repository/org/openjfx/javafx-base/11/javafx-base-11-linux.jar:/home/uriegas/.m2/repository/org/openjfx/javafx-fxml/11/javafx-fxml-11.jar:/home/uriegas/.m2/repository/org/openjfx/javafx-fxml/11/javafx-fxml-11-linux.jar:/home/uriegas/.m2/repository/org/apache/maven/plugins/maven-javadoc-plugin/3.2.0/maven-javadoc-plugin-3.2.0.jar:/home/uriegas/.m2/repository/org/apache/maven/maven-core/3.0/maven-core-3.0.jar:/home/uriegas/.m2/repository/org/apache/maven/maven-settings-builder/3.0/maven-settings-builder-3.0.jar:/home/uriegas/.m2/repository/org/apache/maven/maven-repository-metadata/3.0/maven-repository-metadata-3.0.jar:/home/uriegas/.m2/repository/org/apache/maven/maven-model-builder/3.0/maven-model-builder-3.0.jar:/home/uriegas/.m2/repository/org/apache/maven/maven-aether-provider/3.0/maven-aether-provider-3.0.jar:/home/uriegas/.m2/repository/org/sonatype/aether/aether-impl/1.7/aether-impl-1.7.jar:/home/uriegas/.m2/repository/org/sonatype/aether/aether-spi/1.7/aether-spi-1.7.jar:/home/uriegas/.m2/repository/org/sonatype/aether/aether-api/1.7/aether-api-1.7.jar:/home/uriegas/.m2/repository/org/sonatype/aether/aether-util/1.7/aether-util-1.7.jar:/home/uriegas/.m2/repository/org/sonatype/sisu/sisu-inject-plexus/1.4.2/sisu-inject-plexus-1.4.2.jar:/home/uriegas/.m2/repository/org/sonatype/sisu/sisu-inject-bean/1.4.2/sisu-inject-bean-1.4.2.jar:/home/uriegas/.m2/repository/org/sonatype/sisu/sisu-guice/2.1.7/sisu-guice-2.1.7-noaop.jar:/home/uriegas/.m2/repository/org/codehaus/plexus/plexus-interpolation/1.14/plexus-interpolation-1.14.jar:/home/uriegas/.m2/repository/org/codehaus/plexus/plexus-classworlds/2.2.3/plexus-classworlds-2.2.3.jar:/home/uriegas/.m2/repository/org/codehaus/plexus/plexus-component-annotations/1.5.5/plexus-component-annotations-1.5.5.jar:/home/uriegas/.m2/repository/org/sonatype/plexus/plexus-sec-dispatcher/1.3/plexus-sec-dispatcher-1.3.jar:/home/uriegas/.m2/repository/org/sonatype/plexus/plexus-cipher/1.4/plexus-cipher-1.4.jar:/home/uriegas/.m2/repository/org/apache/maven/maven-model/3.0/maven-model-3.0.jar:/home/uriegas/.m2/repository/org/apache/maven/maven-settings/3.0/maven-settings-3.0.jar:/home/uriegas/.m2/repository/org/apache/maven/maven-plugin-api/3.0/maven-plugin-api-3.0.jar:/home/uriegas/.m2/repository/org/apache/maven/maven-artifact/3.0/maven-artifact-3.0.jar:/home/uriegas/.m2/repository/org/apache/maven/reporting/maven-reporting-api/3.0/maven-reporting-api-3.0.jar:/home/uriegas/.m2/repository/org/apache/maven/maven-archiver/3.5.0/maven-archiver-3.5.0.jar:/home/uriegas/.m2/repository/org/apache/maven/shared/maven-shared-utils/3.2.1/maven-shared-utils-3.2.1.jar:/home/uriegas/.m2/repository/org/apache/maven/shared/maven-invoker/3.0.0/maven-invoker-3.0.0.jar:/home/uriegas/.m2/repository/org/apache/maven/shared/maven-common-artifact-filters/3.0.0/maven-common-artifact-filters-3.0.0.jar:/home/uriegas/.m2/repository/org/apache/maven/shared/maven-artifact-transfer/0.10.1/maven-artifact-transfer-0.10.1.jar:/home/uriegas/.m2/repository/org/slf4j/slf4j-api/1.7.5/slf4j-api-1.7.5.jar:/home/uriegas/.m2/repository/org/apache/maven/doxia/doxia-sink-api/1.7/doxia-sink-api-1.7.jar:/home/uriegas/.m2/repository/org/apache/maven/doxia/doxia-logging-api/1.7/doxia-logging-api-1.7.jar:/home/uriegas/.m2/repository/org/apache/maven/doxia/doxia-site-renderer/1.9.2/doxia-site-renderer-1.9.2.jar:/home/uriegas/.m2/repository/org/apache/maven/doxia/doxia-core/1.9.1/doxia-core-1.9.1.jar:/home/uriegas/.m2/repository/org/apache/maven/doxia/doxia-decoration-model/1.9.2/doxia-decoration-model-1.9.2.jar:/home/uriegas/.m2/repository/org/apache/maven/doxia/doxia-skin-model/1.9.2/doxia-skin-model-1.9.2.jar:/home/uriegas/.m2/repository/org/apache/maven/doxia/doxia-module-xhtml/1.9.1/doxia-module-xhtml-1.9.1.jar:/home/uriegas/.m2/repository/org/apache/maven/doxia/doxia-module-xhtml5/1.9.1/doxia-module-xhtml5-1.9.1.jar:/home/uriegas/.m2/repository/org/codehaus/plexus/plexus-i18n/1.0-beta-10/plexus-i18n-1.0-beta-10.jar:/home/uriegas/.m2/repository/org/codehaus/plexus/plexus-container-default/1.0-alpha-30/plexus-container-default-1.0-alpha-30.jar:/home/uriegas/.m2/repository/org/codehaus/plexus/plexus-velocity/1.2/plexus-velocity-1.2.jar:/home/uriegas/.m2/repository/org/apache/velocity/velocity/1.7/velocity-1.7.jar:/home/uriegas/.m2/repository/commons-lang/commons-lang/2.4/commons-lang-2.4.jar:/home/uriegas/.m2/repository/org/apache/velocity/velocity-tools/2.0/velocity-tools-2.0.jar:/home/uriegas/.m2/repository/commons-beanutils/commons-beanutils/1.7.0/commons-beanutils-1.7.0.jar:/home/uriegas/.m2/repository/commons-digester/commons-digester/1.8/commons-digester-1.8.jar:/home/uriegas/.m2/repository/commons-chain/commons-chain/1.1/commons-chain-1.1.jar:/home/uriegas/.m2/repository/dom4j/dom4j/1.1/dom4j-1.1.jar:/home/uriegas/.m2/repository/oro/oro/2.0.8/oro-2.0.8.jar:/home/uriegas/.m2/repository/commons-collections/commons-collections/3.2.2/commons-collections-3.2.2.jar:/home/uriegas/.m2/repository/org/apache/maven/wagon/wagon-provider-api/2.4/wagon-provider-api-2.4.jar:/home/uriegas/.m2/repository/org/apache/commons/commons-lang3/3.5/commons-lang3-3.5.jar:/home/uriegas/.m2/repository/commons-io/commons-io/2.5/commons-io-2.5.jar:/home/uriegas/.m2/repository/org/apache/httpcomponents/httpclient/4.5.8/httpclient-4.5.8.jar:/home/uriegas/.m2/repository/org/apache/httpcomponents/httpcore/4.4.11/httpcore-4.4.11.jar:/home/uriegas/.m2/repository/commons-logging/commons-logging/1.2/commons-logging-1.2.jar:/home/uriegas/.m2/repository/com/thoughtworks/qdox/qdox/2.0-M10/qdox-2.0-M10.jar:/home/uriegas/.m2/repository/org/codehaus/plexus/plexus-java/1.0.5/plexus-java-1.0.5.jar:/home/uriegas/.m2/repository/org/ow2/asm/asm/7.2/asm-7.2.jar:/home/uriegas/.m2/repository/org/codehaus/plexus/plexus-archiver/4.2.1/plexus-archiver-4.2.1.jar:/home/uriegas/.m2/repository/org/iq80/snappy/snappy/0.4/snappy-0.4.jar:/home/uriegas/.m2/repository/org/tukaani/xz/1.8/xz-1.8.jar:/home/uriegas/.m2/repository/org/codehaus/plexus/plexus-io/3.2.0/plexus-io-3.2.0.jar:/home/uriegas/.m2/repository/org/codehaus/plexus/plexus-utils/3.3.0/plexus-utils-3.3.0.jar:/home/uriegas/.m2/repository/org/codehaus/plexus/plexus-interactivity-api/1.0-alpha-6/plexus-interactivity-api-1.0-alpha-6.jar:/home/uriegas/.m2/repository/javax/mail/javax.mail-api/1.6.2/javax.mail-api-1.6.2.jar:/home/uriegas/.m2/repository/com/sun/mail/javax.mail/1.6.2/javax.mail-1.6.2.jar:/home/uriegas/.m2/repository/javax/activation/activation/1.1/activation-1.1.jar:/home/uriegas/.m2/repository/com/calendarfx/view/11.10.1/view-11.10.1.jar:/home/uriegas/.m2/repository/org/kordamp/ikonli/ikonli-javafx/12.2.0/ikonli-javafx-12.2.0.jar:/home/uriegas/.m2/repository/org/kordamp/ikonli/ikonli-core/12.2.0/ikonli-core-12.2.0.jar:/home/uriegas/.m2/repository/org/kordamp/ikonli/ikonli-fontawesome-pack/12.2.0/ikonli-fontawesome-pack-12.2.0.jar:/home/uriegas/.m2/repository/org/mnode/ical4j/ical4j/4.0.0-alpha2/ical4j-4.0.0-alpha2.jar:/home/uriegas/.m2/repository/org/threeten/threeten-extra/1.5.0/threeten-extra-1.5.0.jar:/home/uriegas/.m2/repository/org/controlsfx/controlsfx/11.1.0/controlsfx-11.1.0.jar:"/>
    <property name="java.vm.vendor" value="Eclipse OpenJ9"/>
    <property name="sun.arch.data.model" value="64"/>
    <property name="com.ibm.vm.bitmode" value="64"/>
    <property name="user.variant" value=""/>
    <property name="com.ibm.oti.vm.library.version" value="29"/>
    <property name="java.vendor.url" value="https://adoptopenjdk.net/"/>
    <property name="user.timezone" value=""/>
    <property name="os.name" value="Linux"/>
    <property name="java.vm.specification.version" value="13"/>
    <property name="sun.java.launcher" value="SUN_STANDARD"/>
    <property name="user.country" value="US"/>
    <property name="sun.boot.library.path" value="/usr/lib/jvm/java-13-j9/lib/compressedrefs:/usr/lib/jvm/java-13-j9/lib"/>
    <property name="sun.java.command" value="/run/media/uriegas/384f8cf3-55e7-459b-8b18-17bc09944115/home/uriegas/Documents/MyProjects/Programacion/LearningJava/unidad-2-actividad-2-los-chikoritas/target/surefire/surefirebooter3684547043868594358.jar /run/media/uriegas/384f8cf3-55e7-459b-8b18-17bc09944115/home/uriegas/Documents/MyProjects/Programacion/LearningJava/unidad-2-actividad-2-los-chikoritas/target/surefire 2021-06-21T20-51-53_402-jvmRun1 surefire11381133715730308185tmp surefire_016227274049860375819tmp"/>
    <property name="surefire.test.class.path" value="/run/media/uriegas/384f8cf3-55e7-459b-8b18-17bc09944115/home/uriegas/Documents/MyProjects/Programacion/LearningJava/unidad-2-actividad-2-los-chikoritas/target/test-classes:/run/media/uriegas/384f8cf3-55e7-459b-8b18-17bc09944115/home/uriegas/Documents/MyProjects/Programacion/LearningJava/unidad-2-actividad-2-los-chikoritas/target/classes:/home/uriegas/.m2/repository/junit/junit/4.12/junit-4.12.jar:/home/uriegas/.m2/repository/org/hamcrest/hamcrest-core/1.3/hamcrest-core-1.3.jar:/home/uriegas/.m2/repository/org/apache/poi/poi-ooxml/4.1.2/poi-ooxml-4.1.2.jar:/home/uriegas/.m2/repository/org/apache/poi/poi/4.1.2/poi-4.1.2.jar:/home/uriegas/.m2/repository/commons-codec/commons-codec/1.13/commons-codec-1.13.jar:/home/uriegas/.m2/repository/org/apache/commons/commons-collections4/4.4/commons-collections4-4.4.jar:/home/uriegas/.m2/repository/org/apache/commons/commons-math3/3.6.1/commons-math3-3.6.1.jar:/home/uriegas/.m2/repository/com/zaxxer/SparseBitSet/1.2/SparseBitSet-1.2.jar:/home/uriegas/.m2/repository/org/apache/poi/poi-ooxml-schemas/4.1.2/poi-ooxml-schemas-4.1.2.jar:/home/uriegas/.m2/repository/org/apache/xmlbeans/xmlbeans/3.1.0/xmlbeans-3.1.0.jar:/home/uriegas/.m2/repository/org/apache/commons/commons-compress/1.19/commons-compress-1.19.jar:/home/uriegas/.m2/repository/com/github/virtuald/curvesapi/1.06/curvesapi-1.06.jar:/home/uriegas/.m2/repository/org/openjfx/javafx-controls/11/javafx-controls-11.jar:/home/uriegas/.m2/repository/org/openjfx/javafx-controls/11/javafx-controls-11-linux.jar:/home/uriegas/.m2/repository/org/openjfx/javafx-graphics/11/javafx-graphics-11.jar:/home/uriegas/.m2/repository/org/openjfx/javafx-graphics/11/javafx-graphics-11-linux.jar:/home/uriegas/.m2/repository/org/openjfx/javafx-base/11/javafx-base-11.jar:/home/uriegas/.m2/repository/org/openjfx/javafx-base/11/javafx-base-11-linux.jar:/home/uriegas/.m2/repository/org/openjfx/javafx-fxml/11/javafx-fxml-11.jar:/home/uriegas/.m2/repository/org/openjfx/javafx-fxml/11/javafx-fxml-11-linux.jar:/home/uriegas/.m2/repository/org/apache/maven/plugins/maven-javadoc-plugin/3.2.0/maven-javadoc-plugin-3.2.0.jar:/home/uriegas/.m2/repository/org/apache/maven/maven-core/3.0/maven-core-3.0.jar:/home/uriegas/.m2/repository/org/apache/maven/maven-settings-builder/3.0/maven-settings-builder-3.0.jar:/home/uriegas/.m2/repository/org/apache/maven/maven-repository-metadata/3.0/maven-repository-metadata-3.0.jar:/home/uriegas/.m2/repository/org/apache/maven/maven-model-builder/3.0/maven-model-builder-3.0.jar:/home/uriegas/.m2/repository/org/apache/maven/maven-aether-provider/3.0/maven-aether-provider-3.0.jar:/home/uriegas/.m2/repository/org/sonatype/aether/aether-impl/1.7/aether-impl-1.7.jar:/home/uriegas/.m2/repository/org/sonatype/aether/aether-spi/1.7/aether-spi-1.7.jar:/home/uriegas/.m2/repository/org/sonatype/aether/aether-api/1.7/aether-api-1.7.jar:/home/uriegas/.m2/repository/org/sonatype/aether/aether-util/1.7/aether-util-1.7.jar:/home/uriegas/.m2/repository/org/sonatype/sisu/sisu-inject-plexus/1.4.2/sisu-inject-plexus-1.4.2.jar:/home/uriegas/.m2/repository/org/sonatype/sisu/sisu-inject-bean/1.4.2/sisu-inject-bean-1.4.2.jar:/home/uriegas/.m2/repository/org/sonatype/sisu/sisu-guice/2.1.7/sisu-guice-2.1.7-noaop.jar:/home/uriegas/.m2/repository/org/codehaus/plexus/plexus-interpolation/1.14/plexus-interpolation-1.14.jar:/home/uriegas/.m2/repository/org/codehaus/plexus/plexus-classworlds/2.2.3/plexus-classworlds-2.2.3.jar:/home/uriegas/.m2/repository/org/codehaus/plexus/plexus-component-annotations/1.5.5/plexus-component-annotations-1.5.5.jar:/home/uriegas/.m2/repository/org/sonatype/plexus/plexus-sec-dispatcher/1.3/plexus-sec-dispatcher-1.3.jar:/home/uriegas/.m2/repository/org/sonatype/plexus/plexus-cipher/1.4/plexus-cipher-1.4.jar:/home/uriegas/.m2/repository/org/apache/maven/maven-model/3.0/maven-model-3.0.jar:/home/uriegas/.m2/repository/org/apache/maven/maven-settings/3.0/maven-settings-3.0.jar:/home/uriegas/.m2/repository/org/apache/maven/maven-plugin-api/3.0/maven-plugin-api-3.0.jar:/home/uriegas/.m2/repository/org/apache/maven/maven-artifact/3.0/maven-artifact-3.0.jar:/home/uriegas/.m2/repository/org/apache/maven/reporting/maven-reporting-api/3.0/maven-reporting-api-3.0.jar:/home/uriegas/.m2/repository/org/apache/maven/maven-archiver/3.5.0/maven-archiver-3.5.0.jar:/home/uriegas/.m2/repository/org/apache/maven/shared/maven-shared-utils/3.2.1/maven-shared-utils-3.2.1.jar:/home/uriegas/.m2/repository/org/apache/maven/shared/maven-invoker/3.0.0/maven-invoker-3.0.0.jar:/home/uriegas/.m2/repository/org/apache/maven/shared/maven-common-artifact-filters/3.0.0/maven-common-artifact-filters-3.0.0.jar:/home/uriegas/.m2/repository/org/apache/maven/shared/maven-artifact-transfer/0.10.1/maven-artifact-transfer-0.10.1.jar:/home/uriegas/.m2/repository/org/slf4j/slf4j-api/1.7.5/slf4j-api-1.7.5.jar:/home/uriegas/.m2/repository/org/apache/maven/doxia/doxia-sink-api/1.7/doxia-sink-api-1.7.jar:/home/uriegas/.m2/repository/org/apache/maven/doxia/doxia-logging-api/1.7/doxia-logging-api-1.7.jar:/home/uriegas/.m2/repository/org/apache/maven/doxia/doxia-site-renderer/1.9.2/doxia-site-renderer-1.9.2.jar:/home/uriegas/.m2/repository/org/apache/maven/doxia/doxia-core/1.9.1/doxia-core-1.9.1.jar:/home/uriegas/.m2/repository/org/apache/maven/doxia/doxia-decoration-model/1.9.2/doxia-decoration-model-1.9.2.jar:/home/uriegas/.m2/repository/org/apache/maven/doxia/doxia-skin-model/1.9.2/doxia-skin-model-1.9.2.jar:/home/uriegas/.m2/repository/org/apache/maven/doxia/doxia-module-xhtml/1.9.1/doxia-module-xhtml-1.9.1.jar:/home/uriegas/.m2/repository/org/apache/maven/doxia/doxia-module-xhtml5/1.9.1/doxia-module-xhtml5-1.9.1.jar:/home/uriegas/.m2/repository/org/codehaus/plexus/plexus-i18n/1.0-beta-10/plexus-i18n-1.0-beta-10.jar:/home/uriegas/.m2/repository/org/codehaus/plexus/plexus-container-default/1.0-alpha-30/plexus-container-default-1.0-alpha-30.jar:/home/uriegas/.m2/repository/org/codehaus/plexus/plexus-velocity/1.2/plexus-velocity-1.2.jar:/home/uriegas/.m2/repository/org/apache/velocity/velocity/1.7/velocity-1.7.jar:/home/uriegas/.m2/repository/commons-lang/commons-lang/2.4/commons-lang-2.4.jar:/home/uriegas/.m2/repository/org/apache/velocity/velocity-tools/2.0/velocity-tools-2.0.jar:/home/uriegas/.m2/repository/commons-beanutils/commons-beanutils/1.7.0/commons-beanutils-1.7.0.jar:/home/uriegas/.m2/repository/commons-digester/commons-digester/1.8/commons-digester-1.8.jar:/home/uriegas/.m2/repository/commons-chain/commons-chain/1.1/commons-chain-1.1.jar:/home/uriegas/.m2/repository/dom4j/dom4j/1.1/dom4j-1.1.jar:/home/uriegas/.m2/repository/oro/oro/2.0.8/oro-2.0.8.jar:/home/uriegas/.m2/repository/commons-collections/commons-collections/3.2.2/commons-collections-3.2.2.jar:/home/uriegas/.m2/repository/org/apache/maven/wagon/wagon-provider-api/2.4/wagon-provider-api-2.4.jar:/home/uriegas/.m2/repository/org/apache/commons/commons-lang3/3.5/commons-lang3-3.5.jar:/home/uriegas/.m2/repository/commons-io/commons-io/2.5/commons-io-2.5.jar:/home/uriegas/.m2/repository/org/apache/httpcomponents/httpclient/4.5.8/httpclient-4.5.8.jar:/home/uriegas/.m2/repository/org/apache/httpcomponents/httpcore/4.4.11/httpcore-4.4.11.jar:/home/uriegas/.m2/repository/commons-logging/commons-logging/1.2/commons-logging-1.2.jar:/home/uriegas/.m2/repository/com/thoughtworks/qdox/qdox/2.0-M10/qdox-2.0-M10.jar:/home/uriegas/.m2/repository/org/codehaus/plexus/plexus-java/1.0.5/plexus-java-1.0.5.jar:/home/uriegas/.m2/repository/org/ow2/asm/asm/7.2/asm-7.2.jar:/home/uriegas/.m2/repository/org/codehaus/plexus/plexus-archiver/4.2.1/plexus-archiver-4.2.1.jar:/home/uriegas/.m2/repository/org/iq80/snappy/snappy/0.4/snappy-0.4.jar:/home/uriegas/.m2/repository/org/tukaani/xz/1.8/xz-1.8.jar:/home/uriegas/.m2/repository/org/codehaus/plexus/plexus-io/3.2.0/plexus-io-3.2.0.jar:/home/uriegas/.m2/repository/org/codehaus/plexus/plexus-utils/3.3.0/plexus-utils-3.3.0.jar:/home/uriegas/.m2/repository/org/codehaus/plexus/plexus-interactivity-api/1.0-alpha-6/plexus-interactivity-api-1.0-alpha-6.jar:/home/uriegas/.m2/repository/javax/mail/javax.mail-api/1.6.2/javax.mail-api-1.6.2.jar:/home/uriegas/.m2/repository/com/sun/mail/javax.mail/1.6.2/javax.mail-1.6.2.jar:/home/uriegas/.m2/repository/javax/activation/activation/1.1/activation-1.1.jar:/home/uriegas/.m2/repository/com/calendarfx/view/11.10.1/view-11.10.1.jar:/home/uriegas/.m2/repository/org/kordamp/ikonli/ikonli-javafx/12.2.0/ikonli-javafx-12.2.0.jar:/home/uriegas/.m2/repository/org/kordamp/ikonli/ikonli-core/12.2.0/ikonli-core-12.2.0.jar:/home/uriegas/.m2/repository/org/kordamp/ikonli/ikonli-fontawesome-pack/12.2.0/ikonli-fontawesome-pack-12.2.0.jar:/home/uriegas/.m2/repository/org/mnode/ical4j/ical4j/4.0.0-alpha2/ical4j-4.0.0-alpha2.jar:/home/uriegas/.m2/repository/org/threeten/threeten-extra/1.5.0/threeten-extra-1.5.0.jar:/home/uriegas/.m2/repository/org/controlsfx/controlsfx/11.1.0/controlsfx-11.1.0.jar:"/>
    <property name="sun.cpu.endian" value="little"/>
    <property name="user.home" value="/home/uriegas"/>
    <property name="user.language" value="en"/>
    <property name="java.specification.vendor" value="Oracle Corporation"/>
    <property name="java.version.date" value="2020-01-14"/>
    <property name="java.home" value="/usr/lib/jvm/java-13-j9"/>
    <property name="ibm.signalhandling.rs" value="false"/>
    <property name="file.separator" value="/"/>
    <property name="jdk.extensions.name" value="Extensions for OpenJDK for Eclipse OpenJ9"/>
    <property name="basedir" value="/run/media/uriegas/384f8cf3-55e7-459b-8b18-17bc09944115/home/uriegas/Documents/MyProjects/Programacion/LearningJava/unidad-2-actividad-2-los-chikoritas"/>
    <property name="line.separator" value="&#10;"/>
    <property name="java.vm.specification.vendor" value="Oracle Corporation"/>
    <property name="java.specification.name" value="Java Platform API Specification"/>
    <property name="java.compiler" value="j9jit29"/>
    <property name="com.ibm.util.extralibs.properties" value=""/>
    <property name="sun.java.launcher.pid" value="46389"/>
    <property name="java.awt.graphicsenv" value="sun.awt.X11GraphicsEnvironment"/>
    <property name="com.ibm.oti.configuration" value="scar"/>
    <property name="java.awt.fonts" value=""/>
    <property name="surefire.real.class.path" value="/run/media/uriegas/384f8cf3-55e7-459b-8b18-17bc09944115/home/uriegas/Documents/MyProjects/Programacion/LearningJava/unidad-2-actividad-2-los-chikoritas/target/surefire/surefirebooter3684547043868594358.jar"/>
    <property name="com.ibm.oti.shared.enabled" value="false"/>
    <property name="jdk.boot.class.path.append" value=""/>
    <property name="com.ibm.oti.vm.bootstrap.library.path" value="/usr/lib/jvm/java-13-j9/lib/compressedrefs:/usr/lib/jvm/java-13-j9/lib"/>
    <property name="com.ibm.cpu.endian" value="little"/>
    <property name="java.fullversion" value="13.0.2+8&#10;JRE 13 Linux amd64-64-Bit Compressed References 20200117_151 (JIT enabled, AOT enabled)&#10;OpenJ9   - 6968c18d7&#10;OMR      - 7a1b0239a&#10;JCL      - 9c5a41bd5f based on jdk-13.0.2+8"/>
    <property name="java.runtime.version" value="13.0.2+8"/>
    <property name="user.name" value="uriegas"/>
    <property name="path.separator" value=":"/>
    <property name="os.version" value="5.10.36-2-MANJARO"/>
    <property name="java.runtime.name" value="OpenJDK Runtime Environment"/>
    <property name="ibm.signalhandling.sigint" value="true"/>
    <property name="file.encoding" value="UTF-8"/>
    <property name="java.vm.name" value="Eclipse OpenJ9 VM"/>
    <property name="java.vendor.version" value="AdoptOpenJDK"/>
    <property name="ibm.signalhandling.sigchain" value="true"/>
    <property name="localRepository" value="/home/uriegas/.m2/repository"/>
    <property name="java.vendor.url.bug" value="https://github.com/AdoptOpenJDK/openjdk-support/issues"/>
    <property name="java.io.tmpdir" value="/tmp"/>
    <property name="java.version" value="13.0.2"/>
    <property name="com.ibm.system.agent.path" value="/usr/lib/jvm/java-13-j9/lib"/>
    <property name="user.dir" value="/run/media/uriegas/384f8cf3-55e7-459b-8b18-17bc09944115/home/uriegas/Documents/MyProjects/Programacion/LearningJava/unidad-2-actividad-2-los-chikoritas"/>
    <property name="os.arch" value="amd64"/>
    <property name="java.vm.specification.name" value="Java Virtual Machine Specification"/>
    <property name="java.awt.printerjob" value="sun.print.PSPrinterJob"/>
    <property name="sun.nio.PageAlignDirectMemory" value="false"/>
    <property name="os.encoding" value="UTF-8"/>
    <property name="java.library.path" value="/usr/lib/jvm/java-13-j9/lib/compressedrefs:/usr/lib/jvm/java-13-j9/lib:/usr/lib64:/usr/lib"/>
    <property name="java.vendor" value="AdoptOpenJDK"/>
    <property name="java.vm.info" value="JRE 13 Linux amd64-64-Bit Compressed References 20200117_151 (JIT enabled, AOT enabled)&#10;OpenJ9   - 6968c18d7&#10;OMR      - 7a1b0239a&#10;JCL      - 9c5a41bd5f based on jdk-13.0.2+8"/>
    <property name="sun.nio.MaxDirectMemorySize" value="1794867200"/>
    <property name="java.vm.version" value="openj9-0.18.0"/>
    <property name="com.ibm.jcl.checkClassPath" value=""/>
    <property name="ibm.system.encoding" value="UTF-8"/>
    <property name="sun.io.unicode.encoding" value="UnicodeLittle"/>
    <property name="java.class.version" value="57.0"/>
  </properties>
  <testcase name="testExcel[0]" classname="com.uriegas.ReadExcelTest" time="1.349"/>
</testsuite>